# JRE version: Java(TM) SE Runtime Environment (8.0_40-b25) (build 1.8.0_40-b25)
# Java VM: Java HotSpot(TM) 64-Bit Server VM (25.40-b25 mixed mode windows-amd64 compressed oops)
Heap:
 PSYoungGen      total 307200K, used 151191K [0x00000000eab00000, 0x0000000100000000, 0x0000000100000000)
  eden space 271360K, 45% used [0x00000000eab00000,0x00000000f227b750,0x00000000fb400000)
  from space 35840K, 80% used [0x00000000fda00000,0x00000000ff62a658,0x00000000ffd00000)
  to   space 38912K, 0% used [0x00000000fb400000,0x00000000fb400000,0x00000000fda00000)
 ParOldGen       total 195584K, used 66710K [0x00000000c0000000, 0x00000000cbf00000, 0x00000000eab00000)
  object space 195584K, 34% used [0x00000000c0000000,0x00000000c4125890,0x00000000cbf00000)
 Metaspace       used 75178K, capacity 77430K, committed 96640K, reserved 1130496K
  class space    used 10023K, capacity 10849K, committed 15232K, reserved 1048576K
GC Heap History (10 events):
Event: 432.492 GC heap before
{Heap before GC invocations=32 (full 6):
 PSYoungGen      total 277504K, used 3907K [0x00000000eab00000, 0x00000000fde80000, 0x0000000100000000)
  eden space 240128K, 0% used [0x00000000eab00000,0x00000000eab00000,0x00000000f9580000)
  from space 37376K, 10% used [0x00000000fba00000,0x00000000fbdd0e18,0x00000000fde80000)
  to   space 37376K, 0% used [0x00000000f9580000,0x00000000f9580000,0x00000000fba00000)
 ParOldGen       total 119296K, used 119228K [0x00000000c0000000, 0x00000000c7480000, 0x00000000eab00000)
  object space 119296K, 99% used [0x00000000c0000000,0x00000000c746f250,0x00000000c7480000)
 Metaspace       used 84761K, capacity 89260K, committed 89472K, reserved 1124352K
  class space    used 11773K, capacity 13603K, committed 13696K, reserved 1048576K
Event: 433.296 GC heap after
Heap after GC invocations=32 (full 6):
 PSYoungGen      total 277504K, used 0K [0x00000000eab00000, 0x00000000fde80000, 0x0000000100000000)
  eden space 240128K, 0% used [0x00000000eab00000,0x00000000eab00000,0x00000000f9580000)
  from space 37376K, 0% used [0x00000000fba00000,0x00000000fba00000,0x00000000fde80000)
  to   space 37376K, 0% used [0x00000000f9580000,0x00000000f9580000,0x00000000fba00000)
 ParOldGen       total 119296K, used 116956K [0x00000000c0000000, 0x00000000c7480000, 0x00000000eab00000)
  object space 119296K, 98% used [0x00000000c0000000,0x00000000c72373e0,0x00000000c7480000)
 Metaspace       used 84561K, capacity 88916K, committed 89472K, reserved 1124352K
  class space    used 11741K, capacity 13523K, committed 13696K, reserved 1048576K
}
Event: 2672.509 GC heap before
{Heap before GC invocations=33 (full 7):
 PSYoungGen      total 277504K, used 240128K [0x00000000eab00000, 0x00000000fde80000, 0x0000000100000000)
  eden space 240128K, 100% used [0x00000000eab00000,0x00000000f9580000,0x00000000f9580000)
  from space 37376K, 0% used [0x00000000fba00000,0x00000000fba00000,0x00000000fde80000)
  to   space 37376K, 0% used [0x00000000f9580000,0x00000000f9580000,0x00000000fba00000)
 ParOldGen       total 119296K, used 116956K [0x00000000c0000000, 0x00000000c7480000, 0x00000000eab00000)
  object space 119296K, 98% used [0x00000000c0000000,0x00000000c72373e0,0x00000000c7480000)
 Metaspace       used 92979K, capacity 98112K, committed 98304K, reserved 1132544K
  class space    used 12989K, capacity 15046K, committed 15104K, reserved 1048576K
Event: 2673.262 GC heap after
Heap after GC invocations=33 (full 7):
 PSYoungGen      total 277504K, used 24946K [0x00000000eab00000, 0x00000000fde80000, 0x0000000100000000)
  eden space 240128K, 10% used [0x00000000eab00000,0x00000000ec35c988,0x00000000f9580000)
  from space 37376K, 0% used [0x00000000fba00000,0x00000000fba00000,0x00000000fde80000)
  to   space 37376K, 0% used [0x00000000f9580000,0x00000000f9580000,0x00000000fba00000)
 ParOldGen       total 195584K, used 119270K [0x00000000c0000000, 0x00000000cbf00000, 0x00000000eab00000)
  object space 195584K, 60% used [0x00000000c0000000,0x00000000c7479948,0x00000000cbf00000)
 Metaspace       used 92979K, capacity 98112K, committed 98304K, reserved 1132544K
  class space    used 12989K, capacity 15046K, committed 15104K, reserved 1048576K
}
Event: 2675.714 GC heap before
{Heap before GC invocations=34 (full 7):
 PSYoungGen      total 277504K, used 82764K [0x00000000eab00000, 0x00000000fde80000, 0x0000000100000000)
  eden space 240128K, 34% used [0x00000000eab00000,0x00000000efbd32e8,0x00000000f9580000)
  from space 37376K, 0% used [0x00000000fba00000,0x00000000fba00000,0x00000000fde80000)
  to   space 37376K, 0% used [0x00000000f9580000,0x00000000f9580000,0x00000000fba00000)
 ParOldGen       total 195584K, used 119270K [0x00000000c0000000, 0x00000000cbf00000, 0x00000000eab00000)
  object space 195584K, 60% used [0x00000000c0000000,0x00000000c7479948,0x00000000cbf00000)
 Metaspace       used 93330K, capacity 98472K, committed 98688K, reserved 1132544K
  class space    used 13031K, capacity 15129K, committed 15232K, reserved 1048576K
Event: 2675.827 GC heap after
Heap after GC invocations=34 (full 7):
 PSYoungGen      total 277504K, used 16552K [0x00000000eab00000, 0x00000000ffd00000, 0x0000000100000000)
  eden space 240128K, 0% used [0x00000000eab00000,0x00000000eab00000,0x00000000f9580000)
  from space 37376K, 44% used [0x00000000f9580000,0x00000000fa5aa2d8,0x00000000fba00000)
  to   space 35840K, 0% used [0x00000000fda00000,0x00000000fda00000,0x00000000ffd00000)
 ParOldGen       total 195584K, used 119278K [0x00000000c0000000, 0x00000000cbf00000, 0x00000000eab00000)
  object space 195584K, 60% used [0x00000000c0000000,0x00000000c747b948,0x00000000cbf00000)
 Metaspace       used 93330K, capacity 98472K, committed 98688K, reserved 1132544K
  class space    used 13031K, capacity 15129K, committed 15232K, reserved 1048576K
}
Event: 2675.827 GC heap before
{Heap before GC invocations=35 (full 8):
 PSYoungGen      total 277504K, used 16552K [0x00000000eab00000, 0x00000000ffd00000, 0x0000000100000000)
  eden space 240128K, 0% used [0x00000000eab00000,0x00000000eab00000,0x00000000f9580000)
  from space 37376K, 44% used [0x00000000f9580000,0x00000000fa5aa2d8,0x00000000fba00000)
  to   space 35840K, 0% used [0x00000000fda00000,0x00000000fda00000,0x00000000ffd00000)
 ParOldGen       total 195584K, used 119278K [0x00000000c0000000, 0x00000000cbf00000, 0x00000000eab00000)
  object space 195584K, 60% used [0x00000000c0000000,0x00000000c747b948,0x00000000cbf00000)
 Metaspace       used 93330K, capacity 98472K, committed 98688K, reserved 1132544K
  class space    used 13031K, capacity 15129K, committed 15232K, reserved 1048576K
Event: 2676.435 GC heap after
Heap after GC invocations=35 (full 8):
 PSYoungGen      total 277504K, used 0K [0x00000000eab00000, 0x00000000ffd00000, 0x0000000100000000)
  eden space 240128K, 0% used [0x00000000eab00000,0x00000000eab00000,0x00000000f9580000)
  from space 37376K, 0% used [0x00000000f9580000,0x00000000f9580000,0x00000000fba00000)
  to   space 35840K, 0% used [0x00000000fda00000,0x00000000fda00000,0x00000000ffd00000)
 ParOldGen       total 195584K, used 66702K [0x00000000c0000000, 0x00000000cbf00000, 0x00000000eab00000)
  object space 195584K, 34% used [0x00000000c0000000,0x00000000c4123890,0x00000000cbf00000)
 Metaspace       used 65910K, capacity 67260K, committed 96640K, reserved 1130496K
  class space    used 8659K, capacity 9170K, committed 15232K, reserved 1048576K
}
Event: 2704.262 GC heap before
{Heap before GC invocations=36 (full 8):
 PSYoungGen      total 277504K, used 240128K [0x00000000eab00000, 0x00000000ffd00000, 0x0000000100000000)
  eden space 240128K, 100% used [0x00000000eab00000,0x00000000f9580000,0x00000000f9580000)
  from space 37376K, 0% used [0x00000000f9580000,0x00000000f9580000,0x00000000fba00000)
  to   space 35840K, 0% used [0x00000000fda00000,0x00000000fda00000,0x00000000ffd00000)
 ParOldGen       total 195584K, used 66702K [0x00000000c0000000, 0x00000000cbf00000, 0x00000000eab00000)
  object space 195584K, 34% used [0x00000000c0000000,0x00000000c4123890,0x00000000cbf00000)
 Metaspace       used 73788K, capacity 75834K, committed 96640K, reserved 1130496K
  class space    used 9832K, capacity 10653K, committed 15232K, reserved 1048576K
Event: 2704.364 GC heap after
Heap after GC invocations=36 (full 8):
 PSYoungGen      total 307200K, used 28841K [0x00000000eab00000, 0x0000000100000000, 0x0000000100000000)
  eden space 271360K, 0% used [0x00000000eab00000,0x00000000eab00000,0x00000000fb400000)
  from space 35840K, 80% used [0x00000000fda00000,0x00000000ff62a658,0x00000000ffd00000)
  to   space 38912K, 0% used [0x00000000fb400000,0x00000000fb400000,0x00000000fda00000)
 ParOldGen       total 195584K, used 66710K [0x00000000c0000000, 0x00000000cbf00000, 0x00000000eab00000)
  object space 195584K, 34% used [0x00000000c0000000,0x00000000c4125890,0x00000000cbf00000)
 Metaspace       used 73788K, capacity 75834K, committed 96640K, reserved 1130496K
  class space    used 9832K, capacity 10653K, committed 15232K, reserved 1048576K
}

